Using pre-set license
Built from '2020.3/staging' branch; Version is '2020.3.17f1 (a4537701e4ab) revision 10769271'; Using compiler version '192528614'; Build Type 'Release'
OS: 'Windows 10 Home; OS build 22000.493; Version 2009; 64bit' Language: 'en' Physical Memory: 16185 MB
BatchMode: 1, IsHumanControllingUs: 0, StartBugReporterOnCrash: 0, Is64bit: 1, IsPro: 0

COMMAND LINE ARGUMENTS:
D:\Unity\2020.3.17f1\Editor\Unity.exe
-adb2
-batchMode
-noUpm
-name
AssetImportWorker0
-projectPath
C:/Users/natha/OneDrive/Documents/GitHub/lowpoly-puzzel-game/Low poly gimma
-logFile
Logs/AssetImportWorker0.log
-srvPort
49269
Successfully changed project path to: C:/Users/natha/OneDrive/Documents/GitHub/lowpoly-puzzel-game/Low poly gimma
C:/Users/natha/OneDrive/Documents/GitHub/lowpoly-puzzel-game/Low poly gimma
Using Asset Import Pipeline V2.
Refreshing native plugins compatible for Editor in 50.12 ms, found 2 plugins.
Preloading 0 native plugins for Editor in 0.00 ms.
Initialize engine version: 2020.3.17f1 (a4537701e4ab)
[Subsystems] Discovering subsystems at path D:/Unity/2020.3.17f1/Editor/Data/Resources/UnitySubsystems
[Subsystems] Discovering subsystems at path C:/Users/natha/OneDrive/Documents/GitHub/lowpoly-puzzel-game/Low poly gimma/Assets
GfxDevice: creating device client; threaded=0
Direct3D:
    Version:  Direct3D 11.0 [level 11.1]
    Renderer: NVIDIA GeForce RTX 2060 with Max-Q Design (ID=0x1f12)
    Vendor:   
    VRAM:     5980 MB
    Driver:   30.0.15.1123
Initialize mono
Mono path[0] = 'D:/Unity/2020.3.17f1/Editor/Data/Managed'
Mono path[1] = 'D:/Unity/2020.3.17f1/Editor/Data/MonoBleedingEdge/lib/mono/unityjit'
Mono config path = 'D:/Unity/2020.3.17f1/Editor/Data/MonoBleedingEdge/etc'
Using monoOptions --debugger-agent=transport=dt_socket,embedding=1,server=y,suspend=n,address=127.0.0.1:56696
Begin MonoManager ReloadAssembly
Registering precompiled unity dll's ...
Register platform support module: D:/Unity/2020.3.17f1/Editor/Data/PlaybackEngines/WindowsStandaloneSupport/UnityEditor.WindowsStandalone.Extensions.dll
Registered in 0.001293 seconds.
Native extension for WindowsStandalone target not found
Refreshing native plugins compatible for Editor in 53.16 ms, found 2 plugins.
Preloading 0 native plugins for Editor in 0.00 ms.
Mono: successfully reloaded assembly
- Completed reload, in  1.166 seconds
Domain Reload Profiling:
	ReloadAssembly (1166ms)
		BeginReloadAssembly (59ms)
			ExecutionOrderSort (0ms)
			DisableScriptedObjects (0ms)
			BackupInstance (0ms)
			ReleaseScriptingObjects (0ms)
			CreateAndSetChildDomain (1ms)
		EndReloadAssembly (476ms)
			LoadAssemblies (59ms)
			RebuildTransferFunctionScriptingTraits (0ms)
			SetupTypeCache (136ms)
			ReleaseScriptCaches (0ms)
			RebuildScriptCaches (29ms)
			SetupLoadedEditorAssemblies (171ms)
				LogAssemblyErrors (0ms)
				InitializePlatformSupportModulesInManaged (4ms)
				SetLoadedEditorAssemblies (0ms)
				RefreshPlugins (53ms)
				BeforeProcessingInitializeOnLoad (14ms)
				ProcessInitializeOnLoadAttributes (73ms)
				ProcessInitializeOnLoadMethodAttributes (26ms)
				AfterProcessingInitializeOnLoad (0ms)
				EditorAssembliesLoaded (0ms)
			ExecutionOrderSort2 (0ms)
			AwakeInstancesAfterBackupRestoration (0ms)
Platform modules already initialized, skipping
Registering precompiled user dll's ...
Registered in 0.004160 seconds.
Begin MonoManager ReloadAssembly
Native extension for WindowsStandalone target not found
Refreshing native plugins compatible for Editor in 46.27 ms, found 2 plugins.
Preloading 0 native plugins for Editor in 0.00 ms.
Mono: successfully reloaded assembly
- Completed reload, in  1.129 seconds
Domain Reload Profiling:
	ReloadAssembly (1130ms)
		BeginReloadAssembly (146ms)
			ExecutionOrderSort (0ms)
			DisableScriptedObjects (4ms)
			BackupInstance (0ms)
			ReleaseScriptingObjects (0ms)
			CreateAndSetChildDomain (19ms)
		EndReloadAssembly (931ms)
			LoadAssemblies (97ms)
			RebuildTransferFunctionScriptingTraits (0ms)
			SetupTypeCache (299ms)
			ReleaseScriptCaches (1ms)
			RebuildScriptCaches (48ms)
			SetupLoadedEditorAssemblies (389ms)
				LogAssemblyErrors (0ms)
				InitializePlatformSupportModulesInManaged (3ms)
				SetLoadedEditorAssemblies (0ms)
				RefreshPlugins (46ms)
				BeforeProcessingInitializeOnLoad (73ms)
				ProcessInitializeOnLoadAttributes (261ms)
				ProcessInitializeOnLoadMethodAttributes (4ms)
				AfterProcessingInitializeOnLoad (2ms)
				EditorAssembliesLoaded (0ms)
			ExecutionOrderSort2 (0ms)
			AwakeInstancesAfterBackupRestoration (7ms)
Platform modules already initialized, skipping
========================================================================
Worker process is ready to serve import requests
Launched and connected shader compiler UnityShaderCompiler.exe after 0.05 seconds
Refreshing native plugins compatible for Editor in 0.42 ms, found 2 plugins.
Preloading 0 native plugins for Editor in 0.00 ms.
Unloading 2653 Unused Serialized files (Serialized files now loaded: 0)
System memory in use before: 119.0 MB.
System memory in use after: 119.2 MB.

Unloading 19 unused Assets to reduce memory usage. Loaded Objects now: 3086.
Total: 2.751600 ms (FindLiveObjects: 0.223300 ms CreateObjectMapping: 0.107600 ms MarkObjects: 2.364700 ms  DeleteObjects: 0.054600 ms)

AssetImportParameters requested are different than current active one (requested -> active):
  custom:framework-win-MediaFoundation: 216162199b28c13a410421893ffa2e32 -> 
  custom:video-decoder-ogg-theora: a1e56fd34408186e4bbccfd4996cb3dc -> 
  custom:container-muxer-webm: aa71ff27fc2769a1b78a27578f13a17b -> 
  custom:container-demuxer-webm: 4f35f7cbe854078d1ac9338744f61a02 -> 
  custom:container-demuxer-ogg: 62fdf1f143b41e24485cea50d1cbac27 -> 
  custom:video-encoder-webm-vp8: eb34c28f22e8b96e1ab97ce403110664 -> 
  custom:video-codec-MediaFoundation-h265: 746d11721c4dcdbdad8f713fa42b33f4 -> 
  custom:video-decoder-webm-vp8: 9c59270c3fd7afecdb556c50c9e8de78 -> 
  custom:audio-decoder-ogg-vorbis: bf7c407c2cedff20999df2af8eb42d56 -> 
  custom:audio-encoder-webm-vorbis: bf7c407c2cedff20999df2af8eb42d56 -> 
========================================================================
Received Import Request.
  path: Assets/WALL 1.fbx
  artifactKey: Guid(f4053fc4f32b250409aec97aab6a3848) Importer(815301076,1909f56bfc062723c751e8b465ee728b)
Start importing Assets/WALL 1.fbx using Guid(f4053fc4f32b250409aec97aab6a3848) Importer(815301076,1909f56bfc062723c751e8b465ee728b)  -> (artifact id: 'fb40c2b85ac0e3d490e4d98d4624dcdb') in 0.798393 seconds 
  Import took 0.803906 seconds .

========================================================================
Received Import Request.
  Time since last request: 0.000279 seconds.
  path: Assets/WALL_DefaultMaterial_Normal.png
  artifactKey: Guid(f4a431cfdf198b442b6bd3362e5baa69) Importer(815301076,1909f56bfc062723c751e8b465ee728b)
Start importing Assets/WALL_DefaultMaterial_Normal.png using Guid(f4a431cfdf198b442b6bd3362e5baa69) Importer(815301076,1909f56bfc062723c751e8b465ee728b)  -> (artifact id: '696543d243e786fe5422f1c7c0fbae42') in 0.047461 seconds 
  Import took 0.051623 seconds .

========================================================================
Received Import Request.
  Time since last request: 0.000165 seconds.
  path: Assets/WALL_DefaultMaterial_MaskMap.png
  artifactKey: Guid(52947eb2863099b498a0edf1e381381c) Importer(815301076,1909f56bfc062723c751e8b465ee728b)
Start importing Assets/WALL_DefaultMaterial_MaskMap.png using Guid(52947eb2863099b498a0edf1e381381c) Importer(815301076,1909f56bfc062723c751e8b465ee728b)  -> (artifact id: 'd57c77deca643a739b9768c7731e6ee2') in 0.013228 seconds 
  Import took 0.016564 seconds .

========================================================================
Received Import Request.
  Time since last request: 0.000224 seconds.
  path: Assets/WALL_DefaultMaterial_BaseMap.png
  artifactKey: Guid(f915b0cce757e77489b2b9253932b677) Importer(815301076,1909f56bfc062723c751e8b465ee728b)
Start importing Assets/WALL_DefaultMaterial_BaseMap.png using Guid(f915b0cce757e77489b2b9253932b677) Importer(815301076,1909f56bfc062723c751e8b465ee728b)  -> (artifact id: '3e6d4b0737be93b47465a88af01d2da7') in 0.007468 seconds 
  Import took 0.010901 seconds .

========================================================================
Received Import Request.
  Time since last request: 2.616462 seconds.
  path: Assets/WALL_DefaultMaterial_Normal.png
  artifactKey: Guid(f4a431cfdf198b442b6bd3362e5baa69) Importer(815301076,1909f56bfc062723c751e8b465ee728b)
Start importing Assets/WALL_DefaultMaterial_Normal.png using Guid(f4a431cfdf198b442b6bd3362e5baa69) Importer(815301076,1909f56bfc062723c751e8b465ee728b)  -> (artifact id: 'a1eb8421ecf313a9697e122239a48537') in 0.020504 seconds 
  Import took 0.025424 seconds .

========================================================================
Received Import Request.
  Time since last request: 25.607741 seconds.
  path: Assets/simple door betterversion_Material_BaseColor.png
  artifactKey: Guid(0e1f83183599baa4fa26bc9da40b288f) Importer(815301076,1909f56bfc062723c751e8b465ee728b)
Start importing Assets/simple door betterversion_Material_BaseColor.png using Guid(0e1f83183599baa4fa26bc9da40b288f) Importer(815301076,1909f56bfc062723c751e8b465ee728b)  -> (artifact id: '588628e5adaea1233118d98bb056e470') in 0.007015 seconds 
  Import took 0.013073 seconds .

========================================================================
Received Import Request.
  Time since last request: 1.954605 seconds.
  path: Assets/simple door betterversion_Material_Emissive.png
  artifactKey: Guid(63b9edb7ac58f0f4fa3dac4d1b172bc8) Importer(815301076,1909f56bfc062723c751e8b465ee728b)
Start importing Assets/simple door betterversion_Material_Emissive.png using Guid(63b9edb7ac58f0f4fa3dac4d1b172bc8) Importer(815301076,1909f56bfc062723c751e8b465ee728b)  -> (artifact id: '87e41ae08ec54a19e9df3e6ccf92015c') in 0.006717 seconds 
  Import took 0.010837 seconds .

========================================================================
Received Import Request.
  Time since last request: 1.755947 seconds.
  path: Assets/simple door betterversion_Material_Height.png
  artifactKey: Guid(2996f44481a35bb41b8412f435ba8831) Importer(815301076,1909f56bfc062723c751e8b465ee728b)
Start importing Assets/simple door betterversion_Material_Height.png using Guid(2996f44481a35bb41b8412f435ba8831) Importer(815301076,1909f56bfc062723c751e8b465ee728b)  -> (artifact id: '9a5f06d9b0c87dc51f09baca13338074') in 0.007426 seconds 
  Import took 0.011426 seconds .

========================================================================
Received Import Request.
  Time since last request: 1.511410 seconds.
  path: Assets/simple door betterversion_Material_Metallic.png
  artifactKey: Guid(e5769c3cf2b5bc6449f1113fbc3653cd) Importer(815301076,1909f56bfc062723c751e8b465ee728b)
Start importing Assets/simple door betterversion_Material_Metallic.png using Guid(e5769c3cf2b5bc6449f1113fbc3653cd) Importer(815301076,1909f56bfc062723c751e8b465ee728b)  -> (artifact id: 'b100eaa8c2577ef3ac9c08b7b47d2e00') in 0.006804 seconds 
  Import took 0.011578 seconds .

========================================================================
Received Import Request.
  Time since last request: 2.277499 seconds.
  path: Assets/simple door betterversion_Material_Normal.png
  artifactKey: Guid(b50c74dc857914548acfb0be91b2eb97) Importer(815301076,1909f56bfc062723c751e8b465ee728b)
Start importing Assets/simple door betterversion_Material_Normal.png using Guid(b50c74dc857914548acfb0be91b2eb97) Importer(815301076,1909f56bfc062723c751e8b465ee728b)  -> (artifact id: '116e308e5d4406cfe67a5fc5508c2b33') in 0.005944 seconds 
  Import took 0.009788 seconds .

========================================================================
Received Import Request.
  Time since last request: 1.464929 seconds.
  path: Assets/simple door betterversion_Material_Roughness.png
  artifactKey: Guid(9a0b0a4afac4f5f489261fa506193ea9) Importer(815301076,1909f56bfc062723c751e8b465ee728b)
Start importing Assets/simple door betterversion_Material_Roughness.png using Guid(9a0b0a4afac4f5f489261fa506193ea9) Importer(815301076,1909f56bfc062723c751e8b465ee728b)  -> (artifact id: '33f952e926bf3299e432d5466092845b') in 0.005367 seconds 
  Import took 0.009503 seconds .

========================================================================
Received Import Request.
  Time since last request: 42.744608 seconds.
  path: Assets/simple door.fbx
  artifactKey: Guid(0fb4250b60ef38d4d99bb41252d95a70) Importer(815301076,1909f56bfc062723c751e8b465ee728b)
Start importing Assets/simple door.fbx using Guid(0fb4250b60ef38d4d99bb41252d95a70) Importer(815301076,1909f56bfc062723c751e8b465ee728b)  -> (artifact id: '105d14c3ad5350f3dc7e7148da41c36e') in 0.004640 seconds 
  Import took 0.008185 seconds .

========================================================================
Received Import Request.
  Time since last request: 87.254955 seconds.
  path: Assets
  artifactKey: Guid(00000000000000001000000000000000) Importer(815301076,1909f56bfc062723c751e8b465ee728b)
Start importing Assets using Guid(00000000000000001000000000000000) Importer(815301076,1909f56bfc062723c751e8b465ee728b)  -> (artifact id: '42d402b061de3733987d63b9cc3b64de') in 0.002308 seconds 
  Import took 0.006508 seconds .

========================================================================
Received Import Request.
  Time since last request: 13.382550 seconds.
  path: Assets/simple door fixedversion.fbx
  artifactKey: Guid(da86a9dac5dd5234fb4bb27e6cef261a) Importer(815301076,1909f56bfc062723c751e8b465ee728b)
Start importing Assets/simple door fixedversion.fbx using Guid(da86a9dac5dd5234fb4bb27e6cef261a) Importer(815301076,1909f56bfc062723c751e8b465ee728b)  -> (artifact id: 'de14bb408d46efc7510a7538042fde8c') in 0.004702 seconds 
  Import took 0.009044 seconds .

AssetImportWorkerClient::OnTransportError - code=2 error=End of file
